<?xml version="1.0" encoding="UTF-8"?>
<!-- Generated by org.testng.reporters.JUnitReportReporter -->
<testsuite skipped="0" hostname="pc4u5711333" name="com.crm.qa.testcases.ContactsPageTest" tests="3" failures="0" timestamp="2019-11-22T03:09:56 PKT" time="86.189" errors="0">
  <testcase name="verifyContactsPageLabel" time="26.474" classname="com.crm.qa.testcases.ContactsPageTest"/>
  <testcase name="selectContactsTest" time="28.207" classname="com.crm.qa.testcases.ContactsPageTest"/>
  <testcase name="validateCreateNewContact" time="31.508" classname="com.crm.qa.testcases.ContactsPageTest"/>
</testsuite> <!-- com.crm.qa.testcases.ContactsPageTest -->
