<?xml version="1.0" encoding="UTF-8"?>
<!-- Generated by org.testng.reporters.JUnitReportReporter -->
<testsuite skipped="0" hostname="pc4u5711333" name="com.crm.qa.testcases.HomePageTest" tests="3" failures="0" timestamp="2019-11-22T03:09:56 PKT" time="90.650" errors="0">
  <testcase name="verifyHomePageTitleTest" time="26.534" classname="com.crm.qa.testcases.HomePageTest"/>
  <testcase name="verifyUserNameTest" time="27.692" classname="com.crm.qa.testcases.HomePageTest"/>
  <testcase name="verifyContactsLinkTest" time="36.424" classname="com.crm.qa.testcases.HomePageTest"/>
</testsuite> <!-- com.crm.qa.testcases.HomePageTest -->
