<?xml version="1.0" encoding="UTF-8"?>
<!-- Generated by org.testng.reporters.JUnitReportReporter -->
<testsuite skipped="0" hostname="pc4u5711333" name="com.crm.qa.testdata.LoginPageTest" tests="2" failures="0" timestamp="2019-11-19T02:44:23 PKT" time="54.386" errors="0">
  <testcase name="loginPageTitleTest" time="29.809" classname="com.crm.qa.testdata.LoginPageTest"/>
  <testcase name="loginTest" time="24.577" classname="com.crm.qa.testdata.LoginPageTest"/>
</testsuite> <!-- com.crm.qa.testdata.LoginPageTest -->
