<?xml version="1.0" encoding="UTF-8"?>
<!-- Generated by org.testng.reporters.JUnitReportReporter -->
<testsuite hostname="pc4u5711333" failures="0" tests="2" name="com.crm.qa.testcases.LoginPageTest" time="36.612" errors="0" timestamp="2019-11-23T01:53:46 PKT" skipped="0">
  <testcase classname="com.crm.qa.testcases.LoginPageTest" name="loginPageTitleTest" time="15.639"/>
  <testcase classname="com.crm.qa.testcases.LoginPageTest" name="loginTest" time="20.973"/>
</testsuite> <!-- com.crm.qa.testcases.LoginPageTest -->
