<?xml version="1.0" encoding="UTF-8"?>
<!-- Generated by org.testng.reporters.JUnitReportReporter -->
<testsuite hostname="pc4u5711333" failures="0" tests="3" name="com.crm.qa.testcases.HomePageTest" time="75.768" errors="0" timestamp="2019-11-23T01:53:46 PKT" skipped="0">
  <testcase classname="com.crm.qa.testcases.HomePageTest" name="verifyHomePageTitleTest" time="23.691"/>
  <testcase classname="com.crm.qa.testcases.HomePageTest" name="verifyUserNameTest" time="25.258"/>
  <testcase classname="com.crm.qa.testcases.HomePageTest" name="verifyContactsLinkTest" time="26.819"/>
</testsuite> <!-- com.crm.qa.testcases.HomePageTest -->
