<?xml version="1.0" encoding="UTF-8"?>
<!-- Generated by org.testng.reporters.JUnitReportReporter -->
<testsuite hostname="pc4u5711333" failures="0" tests="3" name="com.crm.qa.testcases.ContactsPageTest" time="87.720" errors="0" timestamp="2019-11-23T01:53:46 PKT" skipped="0">
  <testcase classname="com.crm.qa.testcases.ContactsPageTest" name="verifyContactsPageLabel" time="29.370"/>
  <testcase classname="com.crm.qa.testcases.ContactsPageTest" name="selectContactsTest" time="25.832"/>
  <testcase classname="com.crm.qa.testcases.ContactsPageTest" name="validateCreateNewContact" time="32.518"/>
</testsuite> <!-- com.crm.qa.testcases.ContactsPageTest -->
